<?xml version="1.0" encoding="UTF-8"?>
<!-- Generated by org.testng.reporters.JUnitReportReporter -->
<testsuite skipped="0" hostname="LAPTOP-K7GL68QH" name="org.test.Testing" tests="56" failures="0" timestamp="2022-10-03T09:41:12 IST" time="0.055" errors="0">
  <testcase name="tc01" time="0.013" classname="org.test.Testing"/>
  <system-out/>
  <testcase name="tc02" time="0.002" classname="org.test.Testing"/>
  <system-out/>
  <testcase name="tc04" time="0.001" classname="org.test.Testing"/>
  <system-out/>
  <testcase name="tc05" time="0.001" classname="org.test.Testing"/>
  <system-out/>
  <testcase name="tc06" time="0.000" classname="org.test.Testing"/>
  <system-out/>
  <testcase name="tc07" time="0.001" classname="org.test.Testing"/>
  <system-out/>
  <testcase name="tc03" time="0.001" classname="org.test.Testing"/>
  <system-out/>
  <testcase name="tc03" time="0.001" classname="org.test.Testing"/>
  <system-out/>
  <testcase name="tc03" time="0.000" classname="org.test.Testing"/>
  <system-out/>
  <testcase name="tc03" time="0.000" classname="org.test.Testing"/>
  <system-out/>
  <testcase name="tc03" time="0.001" classname="org.test.Testing"/>
  <system-out/>
  <testcase name="tc03" time="0.001" classname="org.test.Testing"/>
  <system-out/>
  <testcase name="tc03" time="0.000" classname="org.test.Testing"/>
  <system-out/>
  <testcase name="tc03" time="0.001" classname="org.test.Testing"/>
  <system-out/>
  <testcase name="tc03" time="0.001" classname="org.test.Testing"/>
  <system-out/>
  <testcase name="tc03" time="0.001" classname="org.test.Testing"/>
  <system-out/>
  <testcase name="tc03" time="0.001" classname="org.test.Testing"/>
  <system-out/>
  <testcase name="tc03" time="0.000" classname="org.test.Testing"/>
  <system-out/>
  <testcase name="tc03" time="0.003" classname="org.test.Testing"/>
  <system-out/>
  <testcase name="tc03" time="0.001" classname="org.test.Testing"/>
  <system-out/>
  <testcase name="tc03" time="0.001" classname="org.test.Testing"/>
  <system-out/>
  <testcase name="tc03" time="0.001" classname="org.test.Testing"/>
  <system-out/>
  <testcase name="tc03" time="0.000" classname="org.test.Testing"/>
  <system-out/>
  <testcase name="tc03" time="0.000" classname="org.test.Testing"/>
  <system-out/>
  <testcase name="tc03" time="0.000" classname="org.test.Testing"/>
  <system-out/>
  <testcase name="tc03" time="0.001" classname="org.test.Testing"/>
  <system-out/>
  <testcase name="tc03" time="0.001" classname="org.test.Testing"/>
  <system-out/>
  <testcase name="tc03" time="0.001" classname="org.test.Testing"/>
  <system-out/>
  <testcase name="tc03" time="0.001" classname="org.test.Testing"/>
  <system-out/>
  <testcase name="tc03" time="0.001" classname="org.test.Testing"/>
  <system-out/>
  <testcase name="tc03" time="0.000" classname="org.test.Testing"/>
  <system-out/>
  <testcase name="tc03" time="0.001" classname="org.test.Testing"/>
  <system-out/>
  <testcase name="tc03" time="0.001" classname="org.test.Testing"/>
  <system-out/>
  <testcase name="tc03" time="0.001" classname="org.test.Testing"/>
  <system-out/>
  <testcase name="tc03" time="0.000" classname="org.test.Testing"/>
  <system-out/>
  <testcase name="tc03" time="0.001" classname="org.test.Testing"/>
  <system-out/>
  <testcase name="tc03" time="0.000" classname="org.test.Testing"/>
  <system-out/>
  <testcase name="tc03" time="0.000" classname="org.test.Testing"/>
  <system-out/>
  <testcase name="tc03" time="0.000" classname="org.test.Testing"/>
  <system-out/>
  <testcase name="tc03" time="0.000" classname="org.test.Testing"/>
  <system-out/>
  <testcase name="tc03" time="0.001" classname="org.test.Testing"/>
  <system-out/>
  <testcase name="tc03" time="0.001" classname="org.test.Testing"/>
  <system-out/>
  <testcase name="tc03" time="0.001" classname="org.test.Testing"/>
  <system-out/>
  <testcase name="tc03" time="0.001" classname="org.test.Testing"/>
  <system-out/>
  <testcase name="tc03" time="0.001" classname="org.test.Testing"/>
  <system-out/>
  <testcase name="tc03" time="0.000" classname="org.test.Testing"/>
  <system-out/>
  <testcase name="tc03" time="0.001" classname="org.test.Testing"/>
  <system-out/>
  <testcase name="tc03" time="0.000" classname="org.test.Testing"/>
  <system-out/>
  <testcase name="tc03" time="0.001" classname="org.test.Testing"/>
  <system-out/>
  <testcase name="tc03" time="0.001" classname="org.test.Testing"/>
  <system-out/>
  <testcase name="tc03" time="0.001" classname="org.test.Testing"/>
  <system-out/>
  <testcase name="tc03" time="0.001" classname="org.test.Testing"/>
  <system-out/>
  <testcase name="tc03" time="0.001" classname="org.test.Testing"/>
  <system-out/>
  <testcase name="tc03" time="0.001" classname="org.test.Testing"/>
  <system-out/>
  <testcase name="tc03" time="0.001" classname="org.test.Testing"/>
  <system-out/>
  <testcase name="tc03" time="0.001" classname="org.test.Testing"/>
  <system-out/>
</testsuite> <!-- org.test.Testing -->
